Collecting aiosignal==1.3.1 (from -r requirements.txt (line 1))
  Using cached aiosignal-1.3.1-py3-none-any.whl.metadata (4.0 kB)
Collecting amqp==2.6.1 (from -r requirements.txt (line 2))
  Using cached amqp-2.6.1-py2.py3-none-any.whl.metadata (1.0 kB)
Collecting area==1.1.1 (from -r requirements.txt (line 3))
  Using cached area-1.1.1-py3-none-any.whl
Collecting asgiref==3.6.0 (from -r requirements.txt (line 4))
  Using cached asgiref-3.6.0-py3-none-any.whl.metadata (9.2 kB)
Collecting async-timeout==4.0.2 (from -r requirements.txt (line 5))
  Using cached async_timeout-4.0.2-py3-none-any.whl.metadata (4.2 kB)
Collecting attrs==23.1.0 (from -r requirements.txt (line 6))
  Using cached attrs-23.1.0-py3-none-any.whl.metadata (11 kB)
Collecting autopep8==2.0.2 (from -r requirements.txt (line 7))
  Using cached autopep8-2.0.2-py2.py3-none-any.whl.metadata (16 kB)
Collecting beautifulsoup4==4.12.2 (from -r requirements.txt (line 8))
  Using cached beautifulsoup4-4.12.2-py3-none-any.whl.metadata (3.6 kB)
Collecting billiard==3.6.4.0 (from -r requirements.txt (line 9))
  Using cached billiard-3.6.4.0-py3-none-any.whl.metadata (4.5 kB)
Collecting bleach==6.0.0 (from -r requirements.txt (line 10))
  Using cached bleach-6.0.0-py3-none-any.whl.metadata (29 kB)
Collecting celery==4.3.1 (from -r requirements.txt (line 11))
  Using cached celery-4.3.1-py2.py3-none-any.whl.metadata (18 kB)
Collecting certifi==2022.12.7 (from -r requirements.txt (line 12))
  Using cached certifi-2022.12.7-py3-none-any.whl.metadata (2.9 kB)
Collecting cffi==1.15.1 (from -r requirements.txt (line 13))
  Using cached cffi-1.15.1-cp312-cp312-linux_x86_64.whl
Collecting charset-normalizer==3.1.0 (from -r requirements.txt (line 14))
  Using cached charset_normalizer-3.1.0-py3-none-any.whl.metadata (30 kB)
Collecting click==8.1.3 (from -r requirements.txt (line 15))
  Using cached click-8.1.3-py3-none-any.whl.metadata (3.2 kB)
Collecting click-didyoumean==0.3.0 (from -r requirements.txt (line 16))
  Using cached click_didyoumean-0.3.0-py3-none-any.whl.metadata (495 bytes)
Collecting click-plugins==1.1.1 (from -r requirements.txt (line 17))
  Using cached click_plugins-1.1.1-py2.py3-none-any.whl.metadata (6.4 kB)
Collecting click-repl==0.2.0 (from -r requirements.txt (line 18))
  Using cached click_repl-0.2.0-py3-none-any.whl.metadata (316 bytes)
Collecting contourpy==1.0.7 (from -r requirements.txt (line 19))
  Using cached contourpy-1.0.7-cp312-cp312-linux_x86_64.whl
Collecting coreapi==2.3.3 (from -r requirements.txt (line 20))
  Using cached coreapi-2.3.3-py2.py3-none-any.whl.metadata (1.0 kB)
Collecting coreschema==0.0.4 (from -r requirements.txt (line 21))
  Using cached coreschema-0.0.4-py3-none-any.whl
Collecting cryptography==41.0.1 (from -r requirements.txt (line 22))
  Using cached cryptography-41.0.1-cp37-abi3-manylinux_2_28_x86_64.whl.metadata (5.2 kB)
Collecting cssutils==2.7.0 (from -r requirements.txt (line 23))
  Using cached cssutils-2.7.0-py3-none-any.whl.metadata (9.5 kB)
Collecting cycler==0.11.0 (from -r requirements.txt (line 24))
  Using cached cycler-0.11.0-py3-none-any.whl.metadata (785 bytes)
Collecting defusedxml==0.7.1 (from -r requirements.txt (line 25))
  Using cached defusedxml-0.7.1-py2.py3-none-any.whl.metadata (32 kB)
Collecting diff-match-patch==20200713 (from -r requirements.txt (line 26))
  Using cached diff_match_patch-20200713-py3-none-any.whl.metadata (5.3 kB)
Collecting Django==3.2.18 (from -r requirements.txt (line 27))
  Using cached Django-3.2.18-py3-none-any.whl.metadata (4.1 kB)
Collecting django-admin-autocomplete-all==0.6.6 (from -r requirements.txt (line 28))
  Using cached django_admin_autocomplete_all-0.6.6-py2.py3-none-any.whl.metadata (8.7 kB)
Collecting django-colorfield==0.8.0 (from -r requirements.txt (line 29))
  Using cached django_colorfield-0.8.0-py3-none-any.whl.metadata (8.5 kB)
Collecting django-cors-headers==3.14.0 (from -r requirements.txt (line 30))
  Using cached django_cors_headers-3.14.0-py3-none-any.whl.metadata (17 kB)
Collecting django-currentuser==0.5.3 (from -r requirements.txt (line 31))
  Using cached django_currentuser-0.5.3-py2.py3-none-any.whl.metadata (6.5 kB)
Collecting django-import-export==3.2.0 (from -r requirements.txt (line 32))
  Using cached django_import_export-3.2.0-py3-none-any.whl.metadata (3.1 kB)
Collecting django-jazzmin==2.6.0 (from -r requirements.txt (line 33))
  Using cached django_jazzmin-2.6.0-py3-none-any.whl.metadata (6.1 kB)
Collecting django-pandas==0.6.6 (from -r requirements.txt (line 34))
  Using cached django_pandas-0.6.6-py3-none-any.whl.metadata (18 kB)
Collecting django-pdfkit==0.3.1 (from -r requirements.txt (line 35))
  Using cached django_pdfkit-0.3.1-py2.py3-none-any.whl.metadata (4.1 kB)
Collecting django-silk==5.0.3 (from -r requirements.txt (line 36))
  Using cached django_silk-5.0.3-py3-none-any.whl.metadata (18 kB)
Collecting djangorestframework==3.14.0 (from -r requirements.txt (line 37))
  Using cached djangorestframework-3.14.0-py3-none-any.whl.metadata (10 kB)
Collecting djangorestframework-simplejwt==5.2.2 (from -r requirements.txt (line 38))
  Using cached djangorestframework_simplejwt-5.2.2-py3-none-any.whl.metadata (4.1 kB)
Collecting drf-yasg==1.21.5 (from -r requirements.txt (line 39))
  Using cached drf_yasg-1.21.5-py3-none-any.whl.metadata (15 kB)
Collecting et-xmlfile==1.1.0 (from -r requirements.txt (line 40))
  Using cached et_xmlfile-1.1.0-py3-none-any.whl.metadata (1.8 kB)
Collecting fastjsonschema==2.17.1 (from -r requirements.txt (line 41))
  Using cached fastjsonschema-2.17.1-py3-none-any.whl.metadata (2.0 kB)
Collecting fonttools==4.39.4 (from -r requirements.txt (line 42))
  Using cached fonttools-4.39.4-py3-none-any.whl.metadata (146 kB)
Collecting GDAL==3.3.2 (from -r requirements.txt (line 43))
  Using cached gdal-3.3.2-cp312-cp312-linux_x86_64.whl
Collecting gprof2dot==2022.7.29 (from -r requirements.txt (line 44))
  Using cached gprof2dot-2022.7.29-py2.py3-none-any.whl.metadata (15 kB)
Collecting gunicorn==20.1.0 (from -r requirements.txt (line 45))
  Using cached gunicorn-20.1.0-py3-none-any.whl.metadata (3.8 kB)
Collecting html2image==2.0.3 (from -r requirements.txt (line 46))
  Using cached html2image-2.0.3-py3-none-any.whl.metadata (14 kB)
Collecting idna==3.4 (from -r requirements.txt (line 47))
  Using cached idna-3.4-py3-none-any.whl.metadata (9.8 kB)
Collecting importlib-metadata==6.6.0 (from -r requirements.txt (line 48))
  Using cached importlib_metadata-6.6.0-py3-none-any.whl.metadata (5.0 kB)
Collecting importlib-resources==5.12.0 (from -r requirements.txt (line 49))
  Using cached importlib_resources-5.12.0-py3-none-any.whl.metadata (4.1 kB)
Collecting inflection==0.5.1 (from -r requirements.txt (line 50))
  Using cached inflection-0.5.1-py2.py3-none-any.whl.metadata (1.7 kB)
Collecting itypes==1.2.0 (from -r requirements.txt (line 51))
  Using cached itypes-1.2.0-py2.py3-none-any.whl.metadata (4.9 kB)
Collecting Jinja2==3.1.2 (from -r requirements.txt (line 52))
  Using cached Jinja2-3.1.2-py3-none-any.whl.metadata (3.5 kB)
Collecting jsonschema==4.17.3 (from -r requirements.txt (line 53))
  Using cached jsonschema-4.17.3-py3-none-any.whl.metadata (7.9 kB)
Collecting jupyter-client==8.2.0 (from -r requirements.txt (line 54))
  Using cached jupyter_client-8.2.0-py3-none-any.whl.metadata (8.5 kB)
Collecting jupyter-core==5.3.0 (from -r requirements.txt (line 55))
  Using cached jupyter_core-5.3.0-py3-none-any.whl.metadata (3.4 kB)
Collecting jupyterlab-pygments==0.2.2 (from -r requirements.txt (line 56))
  Using cached jupyterlab_pygments-0.2.2-py2.py3-none-any.whl.metadata (1.9 kB)
Collecting kiwisolver==1.4.4 (from -r requirements.txt (line 57))
  Using cached kiwisolver-1.4.4-cp312-cp312-linux_x86_64.whl
Collecting kombu==4.6.11 (from -r requirements.txt (line 58))
  Using cached kombu-4.6.11-py2.py3-none-any.whl.metadata (2.6 kB)
Collecting MarkupPy==1.14 (from -r requirements.txt (line 59))
  Using cached markuppy-1.14-py3-none-any.whl.metadata (1.5 kB)
Collecting MarkupSafe==2.1.2 (from -r requirements.txt (line 60))
  Using cached markupsafe-2.1.2-py3-none-any.whl
Collecting matplotlib==3.7.1 (from -r requirements.txt (line 61))
  Using cached matplotlib-3.7.1-cp312-cp312-linux_x86_64.whl
Collecting mistune==2.0.5 (from -r requirements.txt (line 62))
  Using cached mistune-2.0.5-py2.py3-none-any.whl.metadata (1.5 kB)
Collecting multidict==6.0.4 (from -r requirements.txt (line 63))
  Using cached multidict-6.0.4-cp312-cp312-linux_x86_64.whl
Collecting nbclient==0.8.0 (from -r requirements.txt (line 64))
  Using cached nbclient-0.8.0-py3-none-any.whl.metadata (7.8 kB)
Collecting nbconvert==7.4.0 (from -r requirements.txt (line 65))
  Using cached nbconvert-7.4.0-py3-none-any.whl.metadata (7.9 kB)
Collecting nbformat==5.9.0 (from -r requirements.txt (line 66))
  Using cached nbformat-5.9.0-py3-none-any.whl.metadata (3.3 kB)
Collecting odfpy==1.4.1 (from -r requirements.txt (line 67))
  Using cached odfpy-1.4.1-py2.py3-none-any.whl
Collecting openpyxl==3.1.2 (from -r requirements.txt (line 68))
  Using cached openpyxl-3.1.2-py2.py3-none-any.whl.metadata (2.5 kB)
Collecting packaging==23.1 (from -r requirements.txt (line 69))
  Using cached packaging-23.1-py3-none-any.whl.metadata (3.1 kB)
Collecting pandocfilters==1.5.0 (from -r requirements.txt (line 70))
  Using cached pandocfilters-1.5.0-py2.py3-none-any.whl.metadata (9.0 kB)
Collecting pdfkit==0.6.0 (from -r requirements.txt (line 71))
  Using cached pdfkit-0.6.0-py3-none-any.whl
Collecting Pillow==9.5.0 (from -r requirements.txt (line 72))
  Using cached pillow-9.5.0-cp312-cp312-linux_x86_64.whl
Collecting pkgutil-resolve-name==1.3.10 (from -r requirements.txt (line 73))
  Using cached pkgutil_resolve_name-1.3.10-py3-none-any.whl.metadata (624 bytes)
Collecting platformdirs==3.5.3 (from -r requirements.txt (line 74))
  Using cached platformdirs-3.5.3-py3-none-any.whl.metadata (9.5 kB)
Collecting prompt-toolkit==3.0.38 (from -r requirements.txt (line 75))
  Using cached prompt_toolkit-3.0.38-py3-none-any.whl.metadata (7.0 kB)
Collecting psycopg2-binary==2.9.6 (from -r requirements.txt (line 76))
  Using cached psycopg2_binary-2.9.6-cp312-cp312-linux_x86_64.whl
Collecting pycodestyle==2.10.0 (from -r requirements.txt (line 77))
  Using cached pycodestyle-2.10.0-py2.py3-none-any.whl.metadata (31 kB)
Collecting pycparser==2.21 (from -r requirements.txt (line 78))
  Using cached pycparser-2.21-py2.py3-none-any.whl.metadata (1.1 kB)
Collecting Pygments==2.15.1 (from -r requirements.txt (line 79))
  Using cached Pygments-2.15.1-py3-none-any.whl.metadata (2.5 kB)
Collecting PyJWT==2.6.0 (from -r requirements.txt (line 80))
  Using cached PyJWT-2.6.0-py3-none-any.whl.metadata (4.0 kB)
Collecting pyOpenSSL==23.2.0 (from -r requirements.txt (line 81))
  Using cached pyOpenSSL-23.2.0-py3-none-any.whl.metadata (10 kB)
Collecting pyparsing==3.0.9 (from -r requirements.txt (line 82))
  Using cached pyparsing-3.0.9-py3-none-any.whl.metadata (4.2 kB)
Collecting pyrsistent==0.19.3 (from -r requirements.txt (line 83))
  Using cached pyrsistent-0.19.3-py3-none-any.whl.metadata (27 kB)
Collecting pyshp==2.3.1 (from -r requirements.txt (line 84))
  Using cached pyshp-2.3.1-py2.py3-none-any.whl.metadata (55 kB)
Collecting python-dateutil==2.8.2 (from -r requirements.txt (line 85))
  Using cached python_dateutil-2.8.2-py2.py3-none-any.whl.metadata (8.2 kB)
Collecting python-decouple==3.8 (from -r requirements.txt (line 86))
  Using cached python_decouple-3.8-py3-none-any.whl.metadata (14 kB)
Collecting pytz==2023.3 (from -r requirements.txt (line 87))
  Using cached pytz-2023.3-py2.py3-none-any.whl.metadata (22 kB)
Collecting six==1.16.0 (from -r requirements.txt (line 88))
  Using cached six-1.16.0-py2.py3-none-any.whl.metadata (1.8 kB)
Collecting soupsieve==2.4.1 (from -r requirements.txt (line 89))
  Using cached soupsieve-2.4.1-py3-none-any.whl.metadata (4.7 kB)
Collecting sqlparse==0.4.3 (from -r requirements.txt (line 90))
  Using cached sqlparse-0.4.3-py3-none-any.whl.metadata (3.7 kB)
Collecting tablib==3.4.0 (from -r requirements.txt (line 91))
  Using cached tablib-3.4.0-py3-none-any.whl.metadata (3.8 kB)
Collecting tinycss2==1.2.1 (from -r requirements.txt (line 92))
  Using cached tinycss2-1.2.1-py3-none-any.whl.metadata (3.0 kB)
Collecting tomli==2.0.1 (from -r requirements.txt (line 93))
  Using cached tomli-2.0.1-py3-none-any.whl.metadata (8.9 kB)
Collecting tornado==6.3.2 (from -r requirements.txt (line 94))
  Using cached tornado-6.3.2-cp38-abi3-manylinux_2_5_x86_64.manylinux1_x86_64.manylinux_2_17_x86_64.manylinux2014_x86_64.whl.metadata (2.5 kB)
Collecting traitlets==5.9.0 (from -r requirements.txt (line 95))
  Using cached traitlets-5.9.0-py3-none-any.whl.metadata (10 kB)
Collecting tzdata==2023.3 (from -r requirements.txt (line 96))
  Using cached tzdata-2023.3-py2.py3-none-any.whl.metadata (1.4 kB)
Collecting uritemplate==4.1.1 (from -r requirements.txt (line 97))
  Using cached uritemplate-4.1.1-py2.py3-none-any.whl.metadata (2.9 kB)
Collecting urllib3==1.26.15 (from -r requirements.txt (line 98))
  Using cached urllib3-1.26.15-py2.py3-none-any.whl.metadata (48 kB)
Collecting vine==1.3.0 (from -r requirements.txt (line 99))
  Using cached vine-1.3.0-py2.py3-none-any.whl.metadata (2.4 kB)
Collecting wcwidth==0.2.6 (from -r requirements.txt (line 100))
  Using cached wcwidth-0.2.6-py2.py3-none-any.whl.metadata (11 kB)
Collecting webencodings==0.5.1 (from -r requirements.txt (line 101))
  Using cached webencodings-0.5.1-py2.py3-none-any.whl.metadata (2.1 kB)
Collecting xlrd==2.0.1 (from -r requirements.txt (line 102))
  Using cached xlrd-2.0.1-py2.py3-none-any.whl.metadata (3.4 kB)
Collecting xlwt==1.3.0 (from -r requirements.txt (line 103))
  Using cached xlwt-1.3.0-py2.py3-none-any.whl.metadata (3.5 kB)
Collecting yarl==1.9.2 (from -r requirements.txt (line 104))
  Using cached yarl-1.9.2-cp312-cp312-linux_x86_64.whl
Collecting zipp==3.15.0 (from -r requirements.txt (line 105))
  Using cached zipp-3.15.0-py3-none-any.whl.metadata (3.7 kB)
Collecting frozenlist>=1.1.0 (from aiosignal==1.3.1->-r requirements.txt (line 1))
  Downloading frozenlist-1.7.0-cp312-cp312-manylinux_2_5_x86_64.manylinux1_x86_64.manylinux_2_17_x86_64.manylinux2014_x86_64.whl.metadata (18 kB)
Collecting numpy>=1.16 (from contourpy==1.0.7->-r requirements.txt (line 19))
  Using cached numpy-2.3.1-cp312-cp312-manylinux_2_28_x86_64.whl.metadata (62 kB)
Collecting requests (from coreapi==2.3.3->-r requirements.txt (line 20))
  Using cached requests-2.32.4-py3-none-any.whl.metadata (4.9 kB)
Collecting pandas>=0.14.1 (from django-pandas==0.6.6->-r requirements.txt (line 34))
  Using cached pandas-2.3.1-cp312-cp312-manylinux_2_17_x86_64.manylinux2014_x86_64.whl.metadata (91 kB)
Collecting ruamel.yaml>=0.16.13 (from drf-yasg==1.21.5->-r requirements.txt (line 39))
  Using cached ruamel.yaml-0.18.14-py3-none-any.whl.metadata (24 kB)
Requirement already satisfied: setuptools>=3.0 in ./venv/lib/python3.12/site-packages (from gunicorn==20.1.0->-r requirements.txt (line 45)) (80.9.0)
Collecting pyzmq>=23.0 (from jupyter-client==8.2.0->-r requirements.txt (line 54))
  Using cached pyzmq-27.0.0-cp312-abi3-manylinux_2_27_x86_64.manylinux_2_28_x86_64.whl.metadata (6.0 kB)
Collecting ruamel.yaml.clib>=0.2.7 (from ruamel.yaml>=0.16.13->drf-yasg==1.21.5->-r requirements.txt (line 39))
  Using cached ruamel.yaml.clib-0.2.12-cp312-cp312-manylinux_2_17_x86_64.manylinux2014_x86_64.whl.metadata (2.7 kB)
Collecting pyyaml (from tablib[html,ods,xls,xlsx,yaml]>=3.4.0->django-import-export==3.2.0->-r requirements.txt (line 32))
  Using cached PyYAML-6.0.2-cp312-cp312-manylinux_2_17_x86_64.manylinux2014_x86_64.whl.metadata (2.1 kB)
Using cached aiosignal-1.3.1-py3-none-any.whl (7.6 kB)
Using cached amqp-2.6.1-py2.py3-none-any.whl (48 kB)
Using cached asgiref-3.6.0-py3-none-any.whl (23 kB)
Using cached async_timeout-4.0.2-py3-none-any.whl (5.8 kB)
Using cached attrs-23.1.0-py3-none-any.whl (61 kB)
Using cached autopep8-2.0.2-py2.py3-none-any.whl (45 kB)
Using cached beautifulsoup4-4.12.2-py3-none-any.whl (142 kB)
Using cached billiard-3.6.4.0-py3-none-any.whl (89 kB)
Using cached bleach-6.0.0-py3-none-any.whl (162 kB)
Using cached celery-4.3.1-py2.py3-none-any.whl (415 kB)
Using cached certifi-2022.12.7-py3-none-any.whl (155 kB)
Using cached charset_normalizer-3.1.0-py3-none-any.whl (46 kB)
Using cached click-8.1.3-py3-none-any.whl (96 kB)
Using cached click_didyoumean-0.3.0-py3-none-any.whl (2.7 kB)
Using cached click_plugins-1.1.1-py2.py3-none-any.whl (7.5 kB)
Using cached click_repl-0.2.0-py3-none-any.whl (5.2 kB)
Using cached coreapi-2.3.3-py2.py3-none-any.whl (25 kB)
Using cached cryptography-41.0.1-cp37-abi3-manylinux_2_28_x86_64.whl (4.3 MB)
Using cached cssutils-2.7.0-py3-none-any.whl (399 kB)
Using cached cycler-0.11.0-py3-none-any.whl (6.4 kB)
Using cached defusedxml-0.7.1-py2.py3-none-any.whl (25 kB)
Using cached diff_match_patch-20200713-py3-none-any.whl (61 kB)
Using cached Django-3.2.18-py3-none-any.whl (7.9 MB)
Using cached django_admin_autocomplete_all-0.6.6-py2.py3-none-any.whl (11 kB)
Using cached django_colorfield-0.8.0-py3-none-any.whl (49 kB)
Using cached django_cors_headers-3.14.0-py3-none-any.whl (13 kB)
Using cached django_currentuser-0.5.3-py2.py3-none-any.whl (6.8 kB)
Using cached django_import_export-3.2.0-py3-none-any.whl (107 kB)
Using cached django_jazzmin-2.6.0-py3-none-any.whl (2.8 MB)
Using cached django_pandas-0.6.6-py3-none-any.whl (21 kB)
Using cached django_pdfkit-0.3.1-py2.py3-none-any.whl (8.8 kB)
Using cached django_silk-5.0.3-py3-none-any.whl (1.8 MB)
Using cached djangorestframework-3.14.0-py3-none-any.whl (1.1 MB)
Using cached djangorestframework_simplejwt-5.2.2-py3-none-any.whl (85 kB)
Using cached drf_yasg-1.21.5-py3-none-any.whl (6.4 MB)
Using cached et_xmlfile-1.1.0-py3-none-any.whl (4.7 kB)
Using cached fastjsonschema-2.17.1-py3-none-any.whl (23 kB)
Using cached fonttools-4.39.4-py3-none-any.whl (1.0 MB)
Using cached gprof2dot-2022.7.29-py2.py3-none-any.whl (34 kB)
Using cached gunicorn-20.1.0-py3-none-any.whl (79 kB)
Using cached html2image-2.0.3-py3-none-any.whl (18 kB)
Using cached idna-3.4-py3-none-any.whl (61 kB)
Using cached importlib_metadata-6.6.0-py3-none-any.whl (22 kB)
Using cached importlib_resources-5.12.0-py3-none-any.whl (36 kB)
Using cached inflection-0.5.1-py2.py3-none-any.whl (9.5 kB)
Using cached itypes-1.2.0-py2.py3-none-any.whl (4.8 kB)
Using cached Jinja2-3.1.2-py3-none-any.whl (133 kB)
Using cached jsonschema-4.17.3-py3-none-any.whl (90 kB)
Using cached jupyter_client-8.2.0-py3-none-any.whl (103 kB)
Using cached jupyter_core-5.3.0-py3-none-any.whl (93 kB)
Using cached jupyterlab_pygments-0.2.2-py2.py3-none-any.whl (21 kB)
Using cached kombu-4.6.11-py2.py3-none-any.whl (184 kB)
Using cached markuppy-1.14-py3-none-any.whl (8.4 kB)
Using cached mistune-2.0.5-py2.py3-none-any.whl (24 kB)
Using cached nbclient-0.8.0-py3-none-any.whl (73 kB)
Using cached nbconvert-7.4.0-py3-none-any.whl (285 kB)
Using cached nbformat-5.9.0-py3-none-any.whl (77 kB)
Using cached openpyxl-3.1.2-py2.py3-none-any.whl (249 kB)
Using cached packaging-23.1-py3-none-any.whl (48 kB)
Using cached pandocfilters-1.5.0-py2.py3-none-any.whl (8.7 kB)
Using cached pkgutil_resolve_name-1.3.10-py3-none-any.whl (4.7 kB)
Using cached platformdirs-3.5.3-py3-none-any.whl (15 kB)
Using cached prompt_toolkit-3.0.38-py3-none-any.whl (385 kB)
Using cached pycodestyle-2.10.0-py2.py3-none-any.whl (41 kB)
Using cached pycparser-2.21-py2.py3-none-any.whl (118 kB)
Using cached Pygments-2.15.1-py3-none-any.whl (1.1 MB)
Using cached PyJWT-2.6.0-py3-none-any.whl (20 kB)
Using cached pyOpenSSL-23.2.0-py3-none-any.whl (59 kB)
Using cached pyparsing-3.0.9-py3-none-any.whl (98 kB)
Using cached pyrsistent-0.19.3-py3-none-any.whl (57 kB)
Using cached pyshp-2.3.1-py2.py3-none-any.whl (46 kB)
Using cached python_dateutil-2.8.2-py2.py3-none-any.whl (247 kB)
Using cached python_decouple-3.8-py3-none-any.whl (9.9 kB)
Using cached pytz-2023.3-py2.py3-none-any.whl (502 kB)
Using cached six-1.16.0-py2.py3-none-any.whl (11 kB)
Using cached soupsieve-2.4.1-py3-none-any.whl (36 kB)
Using cached sqlparse-0.4.3-py3-none-any.whl (42 kB)
Using cached tablib-3.4.0-py3-none-any.whl (45 kB)
Using cached tinycss2-1.2.1-py3-none-any.whl (21 kB)
Using cached tomli-2.0.1-py3-none-any.whl (12 kB)
Using cached tornado-6.3.2-cp38-abi3-manylinux_2_5_x86_64.manylinux1_x86_64.manylinux_2_17_x86_64.manylinux2014_x86_64.whl (426 kB)
Using cached traitlets-5.9.0-py3-none-any.whl (117 kB)
Using cached tzdata-2023.3-py2.py3-none-any.whl (341 kB)
Using cached uritemplate-4.1.1-py2.py3-none-any.whl (10 kB)
Using cached urllib3-1.26.15-py2.py3-none-any.whl (140 kB)
Using cached vine-1.3.0-py2.py3-none-any.whl (14 kB)
Using cached wcwidth-0.2.6-py2.py3-none-any.whl (29 kB)
Using cached webencodings-0.5.1-py2.py3-none-any.whl (11 kB)
Using cached xlrd-2.0.1-py2.py3-none-any.whl (96 kB)
Using cached xlwt-1.3.0-py2.py3-none-any.whl (99 kB)
Using cached zipp-3.15.0-py3-none-any.whl (6.8 kB)
Downloading frozenlist-1.7.0-cp312-cp312-manylinux_2_5_x86_64.manylinux1_x86_64.manylinux_2_17_x86_64.manylinux2014_x86_64.whl (241 kB)
   ━━━━━━━━━━━━━━━━━━━━━━━━━━━━━━━━━━━━━━━━ 241.8/241.8 kB 4.6 MB/s eta 0:00:00
Using cached numpy-2.3.1-cp312-cp312-manylinux_2_28_x86_64.whl (16.6 MB)
Using cached pandas-2.3.1-cp312-cp312-manylinux_2_17_x86_64.manylinux2014_x86_64.whl (12.0 MB)
Using cached pyzmq-27.0.0-cp312-abi3-manylinux_2_27_x86_64.manylinux_2_28_x86_64.whl (839 kB)
Using cached ruamel.yaml-0.18.14-py3-none-any.whl (118 kB)
Using cached requests-2.32.4-py3-none-any.whl (64 kB)
Using cached ruamel.yaml.clib-0.2.12-cp312-cp312-manylinux_2_17_x86_64.manylinux2014_x86_64.whl (754 kB)
Using cached PyYAML-6.0.2-cp312-cp312-manylinux_2_17_x86_64.manylinux2014_x86_64.whl (767 kB)
Installing collected packages: xlwt, webencodings, wcwidth, pytz, python-decouple, pdfkit, mistune, itypes, fastjsonschema, django-admin-autocomplete-all, billiard, area, zipp, xlrd, vine, urllib3, uritemplate, tzdata, traitlets, tornado, tomli, tinycss2, tablib, sqlparse, soupsieve, six, ruamel.yaml.clib, pyzmq, pyyaml, pyshp, pyrsistent, pyparsing, PyJWT, Pygments, pycparser, pycodestyle, psycopg2-binary, prompt-toolkit, platformdirs, pkgutil-resolve-name, Pillow, pandocfilters, packaging, numpy, multidict, MarkupSafe, MarkupPy, kiwisolver, jupyterlab-pygments, inflection, importlib-resources, idna, html2image, gunicorn, gprof2dot, GDAL, frozenlist, fonttools, et-xmlfile, django-pdfkit, diff-match-patch, defusedxml, cycler, cssutils, click, charset-normalizer, certifi, attrs, async-timeout, asgiref, yarl, ruamel.yaml, requests, python-dateutil, openpyxl, odfpy, jupyter-core, jsonschema, Jinja2, importlib-metadata, django-colorfield, Django, contourpy, click-repl, click-plugins, click-didyoumean, cffi, bleach, beautifulsoup4, autopep8, amqp, aiosignal, pandas, nbformat, matplotlib, kombu, jupyter-client, djangorestframework, django-silk, django-jazzmin, django-currentuser, django-cors-headers, cryptography, coreschema, pyOpenSSL, nbclient, djangorestframework-simplejwt, django-pandas, django-import-export, coreapi, celery, nbconvert, drf-yasg
Successfully installed Django-3.2.18 GDAL-3.3.2 Jinja2-3.1.2 MarkupPy-1.14 MarkupSafe-2.1.2 Pillow-9.5.0 PyJWT-2.6.0 Pygments-2.15.1 aiosignal-1.3.1 amqp-2.6.1 area-1.1.1 asgiref-3.6.0 async-timeout-4.0.2 attrs-23.1.0 autopep8-2.0.2 beautifulsoup4-4.12.2 billiard-3.6.4.0 bleach-6.0.0 celery-4.3.1 certifi-2022.12.7 cffi-1.15.1 charset-normalizer-3.1.0 click-8.1.3 click-didyoumean-0.3.0 click-plugins-1.1.1 click-repl-0.2.0 contourpy-1.0.7 coreapi-2.3.3 coreschema-0.0.4 cryptography-41.0.1 cssutils-2.7.0 cycler-0.11.0 defusedxml-0.7.1 diff-match-patch-20200713 django-admin-autocomplete-all-0.6.6 django-colorfield-0.8.0 django-cors-headers-3.14.0 django-currentuser-0.5.3 django-import-export-3.2.0 django-jazzmin-2.6.0 django-pandas-0.6.6 django-pdfkit-0.3.1 django-silk-5.0.3 djangorestframework-3.14.0 djangorestframework-simplejwt-5.2.2 drf-yasg-1.21.5 et-xmlfile-1.1.0 fastjsonschema-2.17.1 fonttools-4.39.4 frozenlist-1.7.0 gprof2dot-2022.7.29 gunicorn-20.1.0 html2image-2.0.3 idna-3.4 importlib-metadata-6.6.0 importlib-resources-5.12.0 inflection-0.5.1 itypes-1.2.0 jsonschema-4.17.3 jupyter-client-8.2.0 jupyter-core-5.3.0 jupyterlab-pygments-0.2.2 kiwisolver-1.4.4 kombu-4.6.11 matplotlib-3.7.1 mistune-2.0.5 multidict-6.0.4 nbclient-0.8.0 nbconvert-7.4.0 nbformat-5.9.0 numpy-2.3.1 odfpy-1.4.1 openpyxl-3.1.2 packaging-23.1 pandas-2.3.1 pandocfilters-1.5.0 pdfkit-0.6.0 pkgutil-resolve-name-1.3.10 platformdirs-3.5.3 prompt-toolkit-3.0.38 psycopg2-binary-2.9.6 pyOpenSSL-23.2.0 pycodestyle-2.10.0 pycparser-2.21 pyparsing-3.0.9 pyrsistent-0.19.3 pyshp-2.3.1 python-dateutil-2.8.2 python-decouple-3.8 pytz-2023.3 pyyaml-6.0.2 pyzmq-27.0.0 requests-2.32.4 ruamel.yaml-0.18.14 ruamel.yaml.clib-0.2.12 six-1.16.0 soupsieve-2.4.1 sqlparse-0.4.3 tablib-3.4.0 tinycss2-1.2.1 tomli-2.0.1 tornado-6.3.2 traitlets-5.9.0 tzdata-2023.3 uritemplate-4.1.1 urllib3-1.26.15 vine-1.3.0 wcwidth-0.2.6 webencodings-0.5.1 xlrd-2.0.1 xlwt-1.3.0 yarl-1.9.2 zipp-3.15.0
